<?xml version="1.0" encoding="UTF-8"?>
<coverage generated="1710802348157" clover="3.2.0">
  <project timestamp="1710802348158" name="All files">
    <metrics statements="19" coveredstatements="19" conditionals="13" coveredconditionals="12" methods="9" coveredmethods="9" elements="41" coveredelements="40" complexity="0" loc="19" ncloc="19" packages="1" files="1" classes="1"/>
    <file name="cancelable-promise.js" path="C:\Users\pasic\WebstormProjects\Cancel\cancelable-promise.js">
      <metrics statements="19" coveredstatements="19" conditionals="13" coveredconditionals="12" methods="9" coveredmethods="9"/>
      <line num="1" count="1" type="cond" truecount="1" falsecount="0"/>
      <line num="2" count="53" type="cond" truecount="2" falsecount="0"/>
      <line num="12" count="52" type="cond" truecount="2" falsecount="0"/>
      <line num="14" count="50" type="stmt"/>
      <line num="16" count="50" type="stmt"/>
      <line num="19" count="10" type="stmt"/>
      <line num="20" count="5" type="cond" truecount="1" falsecount="1"/>
      <line num="21" count="5" type="stmt"/>
      <line num="25" count="50" type="stmt"/>
      <line num="26" count="50" type="stmt"/>
      <line num="29" count="2" type="cond" truecount="1" falsecount="0"/>
      <line num="30" count="41" type="stmt"/>
      <line num="32" count="40" type="stmt"/>
      <line num="34" count="40" type="stmt"/>
      <line num="38" count="40" type="stmt"/>
      <line num="46" count="1" type="stmt"/>
      <line num="49" count="7" type="stmt"/>
      <line num="51" count="2" type="stmt"/>
      <line num="55" count="1" type="stmt"/>
    </file>
  </project>
</coverage>
