{"C:\\Users\\pasic\\WebstormProjects\\Cancel\\cancelable-promise.js": {"path":"C:\\Users\\pasic\\WebstormProjects\\Cancel\\cancelable-promise.js","statementMap":{"0":{"start":{"line":1,"column":20},"end":{"line":3,"column":1}},"1":{"start":{"line":2,"column":4},"end":{"line":2,"column":59}},"2":{"start":{"line":2,"column":34},"end":{"line":2,"column":59}},"3":{"start":{"line":12,"column":8},"end":{"line":12,"column":51}},"4":{"start":{"line":12,"column":29},"end":{"line":12,"column":51}},"5":{"start":{"line":14,"column":8},"end":{"line":14,"column":37}},"6":{"start":{"line":16,"column":8},"end":{"line":23,"column":15}},"7":{"start":{"line":19,"column":16},"end":{"line":22,"column":27}},"8":{"start":{"line":20,"column":20},"end":{"line":21,"column":41}},"9":{"start":{"line":20,"column":41},"end":{"line":20,"column":81}},"10":{"start":{"line":21,"column":25},"end":{"line":21,"column":41}},"11":{"start":{"line":25,"column":8},"end":{"line":25,"column":44}},"12":{"start":{"line":26,"column":8},"end":{"line":26,"column":39}},"13":{"start":{"line":29,"column":32},"end":{"line":29,"column":35}},"14":{"start":{"line":30,"column":8},"end":{"line":30,"column":33}},"15":{"start":{"line":32,"column":36},"end":{"line":32,"column":40}},"16":{"start":{"line":34,"column":28},"end":{"line":36,"column":27}},"17":{"start":{"line":38,"column":8},"end":{"line":43,"column":10}},"18":{"start":{"line":46,"column":8},"end":{"line":46,"column":45}},"19":{"start":{"line":49,"column":8},"end":{"line":49,"column":78}},"20":{"start":{"line":49,"column":50},"end":{"line":49,"column":75}},"21":{"start":{"line":51,"column":8},"end":{"line":51,"column":20}},"22":{"start":{"line":55,"column":0},"end":{"line":55,"column":35}}},"fnMap":{"0":{"name":"(anonymous_0)","decl":{"start":{"line":1,"column":20},"end":{"line":1,"column":21}},"loc":{"start":{"line":1,"column":69},"end":{"line":3,"column":1}},"line":1},"1":{"name":"(anonymous_1)","decl":{"start":{"line":6,"column":4},"end":{"line":6,"column":5}},"loc":{"start":{"line":11,"column":6},"end":{"line":27,"column":5}},"line":11},"2":{"name":"(anonymous_2)","decl":{"start":{"line":18,"column":24},"end":{"line":18,"column":25}},"loc":{"start":{"line":18,"column":45},"end":{"line":23,"column":13}},"line":18},"3":{"name":"(anonymous_3)","decl":{"start":{"line":19,"column":25},"end":{"line":19,"column":26}},"loc":{"start":{"line":19,"column":37},"end":{"line":22,"column":17}},"line":19},"4":{"name":"(anonymous_4)","decl":{"start":{"line":29,"column":4},"end":{"line":29,"column":5}},"loc":{"start":{"line":29,"column":46},"end":{"line":44,"column":5}},"line":29},"5":{"name":"(anonymous_5)","decl":{"start":{"line":29,"column":23},"end":{"line":29,"column":24}},"loc":{"start":{"line":29,"column":32},"end":{"line":29,"column":35}},"line":29},"6":{"name":"(anonymous_6)","decl":{"start":{"line":45,"column":4},"end":{"line":45,"column":5}},"loc":{"start":{"line":45,"column":19},"end":{"line":47,"column":5}},"line":45},"7":{"name":"(anonymous_7)","decl":{"start":{"line":48,"column":4},"end":{"line":48,"column":5}},"loc":{"start":{"line":48,"column":13},"end":{"line":52,"column":5}},"line":48},"8":{"name":"(anonymous_8)","decl":{"start":{"line":49,"column":36},"end":{"line":49,"column":37}},"loc":{"start":{"line":49,"column":50},"end":{"line":49,"column":75}},"line":49}},"branchMap":{"0":{"loc":{"start":{"line":1,"column":25},"end":{"line":1,"column":64}},"type":"default-arg","locations":[{"start":{"line":1,"column":35},"end":{"line":1,"column":64}}],"line":1},"1":{"loc":{"start":{"line":2,"column":4},"end":{"line":2,"column":59}},"type":"if","locations":[{"start":{"line":2,"column":4},"end":{"line":2,"column":59}},{"start":{},"end":{}}],"line":2},"2":{"loc":{"start":{"line":8,"column":8},"end":{"line":8,"column":29}},"type":"default-arg","locations":[{"start":{"line":8,"column":25},"end":{"line":8,"column":29}}],"line":8},"3":{"loc":{"start":{"line":9,"column":8},"end":{"line":9,"column":26}},"type":"default-arg","locations":[{"start":{"line":9,"column":21},"end":{"line":9,"column":26}}],"line":9},"4":{"loc":{"start":{"line":10,"column":8},"end":{"line":10,"column":26}},"type":"default-arg","locations":[{"start":{"line":10,"column":24},"end":{"line":10,"column":26}}],"line":10},"5":{"loc":{"start":{"line":12,"column":8},"end":{"line":12,"column":51}},"type":"if","locations":[{"start":{"line":12,"column":8},"end":{"line":12,"column":51}},{"start":{},"end":{}}],"line":12},"6":{"loc":{"start":{"line":17,"column":12},"end":{"line":23,"column":14}},"type":"binary-expr","locations":[{"start":{"line":17,"column":12},"end":{"line":17,"column":26}},{"start":{"line":18,"column":12},"end":{"line":23,"column":14}}],"line":17},"7":{"loc":{"start":{"line":20,"column":20},"end":{"line":21,"column":41}},"type":"if","locations":[{"start":{"line":20,"column":20},"end":{"line":21,"column":41}},{"start":{"line":21,"column":25},"end":{"line":21,"column":41}}],"line":20},"8":{"loc":{"start":{"line":29,"column":9},"end":{"line":29,"column":35}},"type":"default-arg","locations":[{"start":{"line":29,"column":23},"end":{"line":29,"column":35}}],"line":29}},"s":{"0":1,"1":53,"2":3,"3":52,"4":12,"5":50,"6":50,"7":10,"8":5,"9":0,"10":5,"11":50,"12":50,"13":2,"14":41,"15":40,"16":40,"17":40,"18":1,"19":2,"20":7,"21":2,"22":1},"f":{"0":53,"1":52,"2":10,"3":5,"4":41,"5":2,"6":1,"7":2,"8":7},"b":{"0":[53],"1":[3,50],"2":[12],"3":[12],"4":[12],"5":[12,40],"6":[50,10],"7":[0,5],"8":[2]},"_coverageSchema":"1a1c01bbd47fc00a2c39e90264f33305004495a9","hash":"1b900e51f1a9da0d6afea60beafcf6a24a763378"}
}
