TN:
SF:cancelable-promise.js
FN:1,(anonymous_0)
FN:6,(anonymous_1)
FN:18,(anonymous_2)
FN:19,(anonymous_3)
FN:29,(anonymous_4)
FN:29,(anonymous_5)
FN:45,(anonymous_6)
FN:48,(anonymous_7)
FN:49,(anonymous_8)
FNF:9
FNH:9
FNDA:53,(anonymous_0)
FNDA:52,(anonymous_1)
FNDA:10,(anonymous_2)
FNDA:5,(anonymous_3)
FNDA:41,(anonymous_4)
FNDA:2,(anonymous_5)
FNDA:1,(anonymous_6)
FNDA:2,(anonymous_7)
FNDA:7,(anonymous_8)
DA:1,1
DA:2,53
DA:12,52
DA:14,50
DA:16,50
DA:19,10
DA:20,5
DA:21,5
DA:25,50
DA:26,50
DA:29,2
DA:30,41
DA:32,40
DA:34,40
DA:38,40
DA:46,1
DA:49,7
DA:51,2
DA:55,1
LF:19
LH:19
BRDA:1,0,0,53
BRDA:2,1,0,3
BRDA:2,1,1,50
BRDA:8,2,0,12
BRDA:9,3,0,12
BRDA:10,4,0,12
BRDA:12,5,0,12
BRDA:12,5,1,40
BRDA:17,6,0,50
BRDA:17,6,1,10
BRDA:20,7,0,0
BRDA:20,7,1,5
BRDA:29,8,0,2
BRF:13
BRH:12
end_of_record
